This file contains any messages produced by compilers while
running configure, to aid debugging if configure makes a mistake.

It was created by tdbcmysql configure 1.1.0, which was
generated by GNU Autoconf 2.69.  Invocation command line was

  $ /home/lumos/juniorII/se/wordChain/lib/tcl8.6.9/pkgs/tdbcmysql1.1.0/configure --with-tcl=../.. --with-tclinclude=/home/lumos/juniorII/se/wordChain/lib/tcl8.6.9/generic --libdir=/usr/local/lib --enable-shared --enable-threads

## --------- ##
## Platform. ##
## --------- ##

hostname = lumos-pc
uname -m = x86_64
uname -r = 4.15.0-46-generic
uname -s = Linux
uname -v = #49~16.04.1-Ubuntu SMP Tue Feb 12 17:45:24 UTC 2019

/usr/bin/uname -p = unknown
/bin/uname -X     = unknown

/bin/arch              = unknown
/usr/bin/arch -k       = unknown
/usr/convex/getsysinfo = unknown
/usr/bin/hostinfo      = unknown
/bin/machine           = unknown
/usr/bin/oslevel       = unknown
/bin/universe          = unknown

PATH: /home/lumos/bin
PATH: /home/lumos/.local/bin
PATH: /usr/local/sbin
PATH: /usr/local/bin
PATH: /usr/sbin
PATH: /usr/bin
PATH: /sbin
PATH: /bin
PATH: /usr/games
PATH: /usr/local/games
PATH: /snap/bin
PATH: /home/lumos/compilerH/llvm-install/bin


## ----------- ##
## Core tests. ##
## ----------- ##

configure:2347: checking TEA configuration
configure:2353: result: ok (TEA 3.13)
configure:2434: configuring tdbcmysql 1.1.0
configure:2464: checking system version
configure:2487: result: Linux-4.15.0-46-generic
configure:2556: checking for Tcl configuration
configure:2689: result: found /home/lumos/juniorII/se/wordChain/lib/tcl8.6.9/unix/tclConfig.sh
configure:2742: checking for gcc
configure:2758: found /usr/bin/gcc
configure:2769: result: gcc
configure:2998: checking for C compiler version
configure:3007: gcc --version >&5
gcc (Ubuntu 5.4.0-6ubuntu1~16.04.11) 5.4.0 20160609
Copyright (C) 2015 Free Software Foundation, Inc.
This is free software; see the source for copying conditions.  There is NO
warranty; not even for MERCHANTABILITY or FITNESS FOR A PARTICULAR PURPOSE.

configure:3018: $? = 0
configure:3007: gcc -v >&5
Using built-in specs.
COLLECT_GCC=gcc
COLLECT_LTO_WRAPPER=/usr/lib/gcc/x86_64-linux-gnu/5/lto-wrapper
Target: x86_64-linux-gnu
Configured with: ../src/configure -v --with-pkgversion='Ubuntu 5.4.0-6ubuntu1~16.04.11' --with-bugurl=file:///usr/share/doc/gcc-5/README.Bugs --enable-languages=c,ada,c++,java,go,d,fortran,objc,obj-c++ --prefix=/usr --program-suffix=-5 --enable-shared --enable-linker-build-id --libexecdir=/usr/lib --without-included-gettext --enable-threads=posix --libdir=/usr/lib --enable-nls --with-sysroot=/ --enable-clocale=gnu --enable-libstdcxx-debug --enable-libstdcxx-time=yes --with-default-libstdcxx-abi=new --enable-gnu-unique-object --disable-vtable-verify --enable-libmpx --enable-plugin --with-system-zlib --disable-browser-plugin --enable-java-awt=gtk --enable-gtk-cairo --with-java-home=/usr/lib/jvm/java-1.5.0-gcj-5-amd64/jre --enable-java-home --with-jvm-root-dir=/usr/lib/jvm/java-1.5.0-gcj-5-amd64 --with-jvm-jar-dir=/usr/lib/jvm-exports/java-1.5.0-gcj-5-amd64 --with-arch-directory=amd64 --with-ecj-jar=/usr/share/java/eclipse-ecj.jar --enable-objc-gc --enable-multiarch --disable-werror --with-arch-32=i686 --with-abi=m64 --with-multilib-list=m32,m64,mx32 --enable-multilib --with-tune=generic --enable-checking=release --build=x86_64-linux-gnu --host=x86_64-linux-gnu --target=x86_64-linux-gnu
Thread model: posix
gcc version 5.4.0 20160609 (Ubuntu 5.4.0-6ubuntu1~16.04.11) 
configure:3018: $? = 0
configure:3007: gcc -V >&5
gcc: error: unrecognized command line option '-V'
gcc: fatal error: no input files
compilation terminated.
configure:3018: $? = 1
configure:3007: gcc -qversion >&5
gcc: error: unrecognized command line option '-qversion'
gcc: fatal error: no input files
compilation terminated.
configure:3018: $? = 1
configure:3038: checking whether the C compiler works
configure:3060: gcc    conftest.c  >&5
configure:3064: $? = 0
configure:3112: result: yes
configure:3115: checking for C compiler default output file name
configure:3117: result: a.out
configure:3123: checking for suffix of executables
configure:3130: gcc -o conftest    conftest.c  >&5
configure:3134: $? = 0
configure:3156: result: 
configure:3178: checking whether we are cross compiling
configure:3186: gcc -o conftest    conftest.c  >&5
configure:3190: $? = 0
configure:3197: ./conftest
configure:3201: $? = 0
configure:3216: result: no
configure:3221: checking for suffix of object files
configure:3243: gcc -c   conftest.c >&5
configure:3247: $? = 0
configure:3268: result: o
configure:3272: checking whether we are using the GNU C compiler
configure:3291: gcc -c   conftest.c >&5
configure:3291: $? = 0
configure:3300: result: yes
configure:3309: checking whether gcc accepts -g
configure:3329: gcc -c -g  conftest.c >&5
configure:3329: $? = 0
configure:3370: result: yes
configure:3387: checking for gcc option to accept ISO C89
configure:3450: gcc  -c   conftest.c >&5
configure:3450: $? = 0
configure:3463: result: none needed
configure:3485: checking for existence of /home/lumos/juniorII/se/wordChain/lib/tcl8.6.9/unix/tclConfig.sh
configure:3489: result: loading
configure:3553: checking platform
configure:3571: gcc -c   conftest.c >&5
configure:3571: $? = 0
configure:3621: result: unix
configure:3687: checking for tdbc configuration
configure:3775: result: found /home/lumos/juniorII/se/wordChain/lib/tcl8.6.9/unix/pkgs/tdbc1.1.0/tdbcConfig.sh
configure:3781: checking for existence of /home/lumos/juniorII/se/wordChain/lib/tcl8.6.9/unix/pkgs/tdbc1.1.0/tdbcConfig.sh
configure:3785: result: loading
configure:3803: WARNING: Found Makefile - using build library specs for tdbc
configure:3874: checking For tdbc_STUB library for LIBS
configure:3907: result: using tdbc_STUB_LIB_SPEC -L/home/lumos/juniorII/se/wordChain/lib/tcl8.6.9/unix/pkgs/tdbc1.1.0 -ltdbcstub1.1.0
configure:3920: WARNING: Looking for "/home/lumos/juniorII/se/wordChain/lib/tcl8.6.9/unix/pkgs/tdbc1.1.0/Makefile"
configure:3923: WARNING: Found Makefile - using build include spec and lib specs for tdbc
configure:3943: --prefix defaulting to TCL_PREFIX /usr/local
configure:3955: --exec-prefix defaulting to TCL_EXEC_PREFIX /usr/local
configure:4025: checking for gcc
configure:4052: result: gcc
configure:4281: checking for C compiler version
configure:4290: gcc --version >&5
gcc (Ubuntu 5.4.0-6ubuntu1~16.04.11) 5.4.0 20160609
Copyright (C) 2015 Free Software Foundation, Inc.
This is free software; see the source for copying conditions.  There is NO
warranty; not even for MERCHANTABILITY or FITNESS FOR A PARTICULAR PURPOSE.

configure:4301: $? = 0
configure:4290: gcc -v >&5
Using built-in specs.
COLLECT_GCC=gcc
COLLECT_LTO_WRAPPER=/usr/lib/gcc/x86_64-linux-gnu/5/lto-wrapper
Target: x86_64-linux-gnu
Configured with: ../src/configure -v --with-pkgversion='Ubuntu 5.4.0-6ubuntu1~16.04.11' --with-bugurl=file:///usr/share/doc/gcc-5/README.Bugs --enable-languages=c,ada,c++,java,go,d,fortran,objc,obj-c++ --prefix=/usr --program-suffix=-5 --enable-shared --enable-linker-build-id --libexecdir=/usr/lib --without-included-gettext --enable-threads=posix --libdir=/usr/lib --enable-nls --with-sysroot=/ --enable-clocale=gnu --enable-libstdcxx-debug --enable-libstdcxx-time=yes --with-default-libstdcxx-abi=new --enable-gnu-unique-object --disable-vtable-verify --enable-libmpx --enable-plugin --with-system-zlib --disable-browser-plugin --enable-java-awt=gtk --enable-gtk-cairo --with-java-home=/usr/lib/jvm/java-1.5.0-gcj-5-amd64/jre --enable-java-home --with-jvm-root-dir=/usr/lib/jvm/java-1.5.0-gcj-5-amd64 --with-jvm-jar-dir=/usr/lib/jvm-exports/java-1.5.0-gcj-5-amd64 --with-arch-directory=amd64 --with-ecj-jar=/usr/share/java/eclipse-ecj.jar --enable-objc-gc --enable-multiarch --disable-werror --with-arch-32=i686 --with-abi=m64 --with-multilib-list=m32,m64,mx32 --enable-multilib --with-tune=generic --enable-checking=release --build=x86_64-linux-gnu --host=x86_64-linux-gnu --target=x86_64-linux-gnu
Thread model: posix
gcc version 5.4.0 20160609 (Ubuntu 5.4.0-6ubuntu1~16.04.11) 
configure:4301: $? = 0
configure:4290: gcc -V >&5
gcc: error: unrecognized command line option '-V'
gcc: fatal error: no input files
compilation terminated.
configure:4301: $? = 1
configure:4290: gcc -qversion >&5
gcc: error: unrecognized command line option '-qversion'
gcc: fatal error: no input files
compilation terminated.
configure:4301: $? = 1
configure:4305: checking whether we are using the GNU C compiler
configure:4333: result: yes
configure:4342: checking whether gcc accepts -g
configure:4403: result: yes
configure:4420: checking for gcc option to accept ISO C89
configure:4496: result: none needed
configure:4521: checking how to run the C preprocessor
configure:4552: gcc -E  conftest.c
configure:4552: $? = 0
configure:4566: gcc -E  conftest.c
conftest.c:10:28: fatal error: ac_nonexistent.h: No such file or directory
compilation terminated.
configure:4566: $? = 1
configure: failed program was:
| /* confdefs.h */
| #define PACKAGE_NAME "tdbcmysql"
| #define PACKAGE_TARNAME "tdbcmysql"
| #define PACKAGE_VERSION "1.1.0"
| #define PACKAGE_STRING "tdbcmysql 1.1.0"
| #define PACKAGE_BUGREPORT ""
| #define PACKAGE_URL ""
| #define BUILD_tdbcmysql /**/
| /* end confdefs.h.  */
| #include <ac_nonexistent.h>
configure:4591: result: gcc -E
configure:4611: gcc -E  conftest.c
configure:4611: $? = 0
configure:4625: gcc -E  conftest.c
conftest.c:10:28: fatal error: ac_nonexistent.h: No such file or directory
compilation terminated.
configure:4625: $? = 1
configure: failed program was:
| /* confdefs.h */
| #define PACKAGE_NAME "tdbcmysql"
| #define PACKAGE_TARNAME "tdbcmysql"
| #define PACKAGE_VERSION "1.1.0"
| #define PACKAGE_STRING "tdbcmysql 1.1.0"
| #define PACKAGE_BUGREPORT ""
| #define PACKAGE_URL ""
| #define BUILD_tdbcmysql /**/
| /* end confdefs.h.  */
| #include <ac_nonexistent.h>
configure:4658: checking whether make sets $(MAKE)
configure:4680: result: yes
configure:4737: checking for ranlib
configure:4753: found /usr/bin/ranlib
configure:4764: result: ranlib
configure:4795: checking for grep that handles long lines and -e
configure:4853: result: /bin/grep
configure:4858: checking for egrep
configure:4920: result: /bin/grep -E
configure:4925: checking for ANSI C header files
configure:4945: gcc -c   conftest.c >&5
configure:4945: $? = 0
configure:5018: gcc -o conftest    conftest.c  >&5
configure:5018: $? = 0
configure:5018: ./conftest
configure:5018: $? = 0
configure:5029: result: yes
configure:5042: checking for sys/types.h
configure:5042: gcc -c   conftest.c >&5
configure:5042: $? = 0
configure:5042: result: yes
configure:5042: checking for sys/stat.h
configure:5042: gcc -c   conftest.c >&5
configure:5042: $? = 0
configure:5042: result: yes
configure:5042: checking for stdlib.h
configure:5042: gcc -c   conftest.c >&5
configure:5042: $? = 0
configure:5042: result: yes
configure:5042: checking for string.h
configure:5042: gcc -c   conftest.c >&5
configure:5042: $? = 0
configure:5042: result: yes
configure:5042: checking for memory.h
configure:5042: gcc -c   conftest.c >&5
configure:5042: $? = 0
configure:5042: result: yes
configure:5042: checking for strings.h
configure:5042: gcc -c   conftest.c >&5
configure:5042: $? = 0
configure:5042: result: yes
configure:5042: checking for inttypes.h
configure:5042: gcc -c   conftest.c >&5
configure:5042: $? = 0
configure:5042: result: yes
configure:5042: checking for stdint.h
configure:5042: gcc -c   conftest.c >&5
configure:5042: $? = 0
configure:5042: result: yes
configure:5042: checking for unistd.h
configure:5042: gcc -c   conftest.c >&5
configure:5042: $? = 0
configure:5042: result: yes
configure:5064: checking if the compiler understands -pipe
configure:5082: gcc -c  -pipe  conftest.c >&5
configure:5082: $? = 0
configure:5090: result: yes
configure:5101: checking whether byte ordering is bigendian
configure:5116: gcc -c  -pipe  conftest.c >&5
conftest.c:21:9: error: unknown type name 'not'
         not a universal capable compiler
         ^
conftest.c:21:15: error: expected '=', ',', ';', 'asm' or '__attribute__' before 'universal'
         not a universal capable compiler
               ^
conftest.c:21:15: error: unknown type name 'universal'
configure:5116: $? = 1
configure: failed program was:
| /* confdefs.h */
| #define PACKAGE_NAME "tdbcmysql"
| #define PACKAGE_TARNAME "tdbcmysql"
| #define PACKAGE_VERSION "1.1.0"
| #define PACKAGE_STRING "tdbcmysql 1.1.0"
| #define PACKAGE_BUGREPORT ""
| #define PACKAGE_URL ""
| #define BUILD_tdbcmysql /**/
| #define STDC_HEADERS 1
| #define HAVE_SYS_TYPES_H 1
| #define HAVE_SYS_STAT_H 1
| #define HAVE_STDLIB_H 1
| #define HAVE_STRING_H 1
| #define HAVE_MEMORY_H 1
| #define HAVE_STRINGS_H 1
| #define HAVE_INTTYPES_H 1
| #define HAVE_STDINT_H 1
| #define HAVE_UNISTD_H 1
| /* end confdefs.h.  */
| #ifndef __APPLE_CC__
| 	       not a universal capable compiler
| 	     #endif
| 	     typedef int dummy;
| 
configure:5161: gcc -c  -pipe  conftest.c >&5
configure:5161: $? = 0
configure:5179: gcc -c  -pipe  conftest.c >&5
conftest.c: In function 'main':
conftest.c:27:4: error: unknown type name 'not'
    not big endian
    ^
conftest.c:27:12: error: expected '=', ',', ';', 'asm' or '__attribute__' before 'endian'
    not big endian
            ^
configure:5179: $? = 1
configure: failed program was:
| /* confdefs.h */
| #define PACKAGE_NAME "tdbcmysql"
| #define PACKAGE_TARNAME "tdbcmysql"
| #define PACKAGE_VERSION "1.1.0"
| #define PACKAGE_STRING "tdbcmysql 1.1.0"
| #define PACKAGE_BUGREPORT ""
| #define PACKAGE_URL ""
| #define BUILD_tdbcmysql /**/
| #define STDC_HEADERS 1
| #define HAVE_SYS_TYPES_H 1
| #define HAVE_SYS_STAT_H 1
| #define HAVE_STDLIB_H 1
| #define HAVE_STRING_H 1
| #define HAVE_MEMORY_H 1
| #define HAVE_STRINGS_H 1
| #define HAVE_INTTYPES_H 1
| #define HAVE_STDINT_H 1
| #define HAVE_UNISTD_H 1
| /* end confdefs.h.  */
| #include <sys/types.h>
| 		#include <sys/param.h>
| 
| int
| main ()
| {
| #if BYTE_ORDER != BIG_ENDIAN
| 		 not big endian
| 		#endif
| 
|   ;
|   return 0;
| }
configure:5307: result: no
configure:5331: checking for inline
configure:5347: gcc -c  -pipe  conftest.c >&5
configure:5347: $? = 0
configure:5355: result: inline
configure:5373: checking for long long
configure:5373: gcc -c  -pipe  conftest.c >&5
configure:5373: $? = 0
configure:5373: gcc -c  -pipe  conftest.c >&5
conftest.c: In function 'main':
conftest.c:56:24: error: expected expression before ')' token
 if (sizeof ((long long)))
                        ^
configure:5373: $? = 1
configure: failed program was:
| /* confdefs.h */
| #define PACKAGE_NAME "tdbcmysql"
| #define PACKAGE_TARNAME "tdbcmysql"
| #define PACKAGE_VERSION "1.1.0"
| #define PACKAGE_STRING "tdbcmysql 1.1.0"
| #define PACKAGE_BUGREPORT ""
| #define PACKAGE_URL ""
| #define BUILD_tdbcmysql /**/
| #define STDC_HEADERS 1
| #define HAVE_SYS_TYPES_H 1
| #define HAVE_SYS_STAT_H 1
| #define HAVE_STDLIB_H 1
| #define HAVE_STRING_H 1
| #define HAVE_MEMORY_H 1
| #define HAVE_STRINGS_H 1
| #define HAVE_INTTYPES_H 1
| #define HAVE_STDINT_H 1
| #define HAVE_UNISTD_H 1
| /* end confdefs.h.  */
| #include <stdio.h>
| #ifdef HAVE_SYS_TYPES_H
| # include <sys/types.h>
| #endif
| #ifdef HAVE_SYS_STAT_H
| # include <sys/stat.h>
| #endif
| #ifdef STDC_HEADERS
| # include <stdlib.h>
| # include <stddef.h>
| #else
| # ifdef HAVE_STDLIB_H
| #  include <stdlib.h>
| # endif
| #endif
| #ifdef HAVE_STRING_H
| # if !defined STDC_HEADERS && defined HAVE_MEMORY_H
| #  include <memory.h>
| # endif
| # include <string.h>
| #endif
| #ifdef HAVE_STRINGS_H
| # include <strings.h>
| #endif
| #ifdef HAVE_INTTYPES_H
| # include <inttypes.h>
| #endif
| #ifdef HAVE_STDINT_H
| # include <stdint.h>
| #endif
| #ifdef HAVE_UNISTD_H
| # include <unistd.h>
| #endif
| int
| main ()
| {
| if (sizeof ((long long)))
| 	    return 0;
|   ;
|   return 0;
| }
configure:5373: result: yes
configure:5382: checking size of long long
configure:5387: gcc -o conftest  -pipe   conftest.c  >&5
configure:5387: $? = 0
configure:5387: ./conftest
configure:5387: $? = 0
configure:5401: result: 8
configure:5418: checking size of long
configure:5423: gcc -o conftest  -pipe   conftest.c  >&5
configure:5423: $? = 0
configure:5423: ./conftest
configure:5423: $? = 0
configure:5437: result: 8
configure:5637: checking for Tcl public headers
configure:5708: result: /home/lumos/juniorII/se/wordChain/lib/tcl8.6.9/generic
configure:5769: checking for pthread_mutex_init in -lpthread
configure:5794: gcc -o conftest  -pipe   conftest.c -lpthread   >&5
configure:5794: $? = 0
configure:5803: result: yes
configure:6012: checking for building with threads
configure:6018: result: yes (default)
configure:6059: checking how to build libraries
configure:6093: result: shared
configure:6177: checking for ranlib
configure:6204: result: ranlib
configure:6231: checking if 64bit support is requested
configure:6240: result: no
configure:6245: checking if 64bit Sparc VIS support is requested
configure:6254: result: no
configure:6264: checking if compiler supports visibility "hidden"
configure:6284: gcc -o conftest  -pipe -Werror   conftest.c  >&5
configure:6284: $? = 0
configure:6293: result: yes
configure:6308: checking if rpath support is requested
configure:6317: result: yes
configure:6342: checking system version
configure:6365: result: Linux-4.15.0-46-generic
configure:6445: checking for ar
configure:6461: found /usr/bin/ar
configure:6472: result: ar
configure:8234: checking for cast to union support
configure:8253: gcc -c  -pipe  conftest.c >&5
configure:8253: $? = 0
configure:8261: result: yes
configure:8284: checking for required early compiler flags
configure:8302: gcc -c  -pipe  conftest.c >&5
configure:8302: $? = 0
configure:8349: gcc -c  -pipe  conftest.c >&5
conftest.c: In function 'main':
conftest.c:36:15: error: storage size of 'buf' isn't known
 struct stat64 buf; int i = stat64("/", &buf);
               ^
conftest.c:36:28: warning: implicit declaration of function 'stat64' [-Wimplicit-function-declaration]
 struct stat64 buf; int i = stat64("/", &buf);
                            ^
configure:8349: $? = 1
configure: failed program was:
| /* confdefs.h */
| #define PACKAGE_NAME "tdbcmysql"
| #define PACKAGE_TARNAME "tdbcmysql"
| #define PACKAGE_VERSION "1.1.0"
| #define PACKAGE_STRING "tdbcmysql 1.1.0"
| #define PACKAGE_BUGREPORT ""
| #define PACKAGE_URL ""
| #define BUILD_tdbcmysql /**/
| #define STDC_HEADERS 1
| #define HAVE_SYS_TYPES_H 1
| #define HAVE_SYS_STAT_H 1
| #define HAVE_STDLIB_H 1
| #define HAVE_STRING_H 1
| #define HAVE_MEMORY_H 1
| #define HAVE_STRINGS_H 1
| #define HAVE_INTTYPES_H 1
| #define HAVE_STDINT_H 1
| #define HAVE_UNISTD_H 1
| #define HAVE_LONG_LONG 1
| #define SIZEOF_LONG_LONG 8
| #define SIZEOF_LONG 8
| #define USE_THREAD_ALLOC 1
| #define _REENTRANT 1
| #define _THREAD_SAFE 1
| #define TCL_THREADS 1
| #define USE_TCL_STUBS 1
| #define USE_TCLOO_STUBS 1
| #define MODULE_SCOPE extern __attribute__((__visibility__("hidden")))
| #define HAVE_HIDDEN 1
| #define HAVE_CAST_TO_UNION 1
| /* end confdefs.h.  */
| #include <sys/stat.h>
| int
| main ()
| {
| struct stat64 buf; int i = stat64("/", &buf);
|   ;
|   return 0;
| }
configure:8364: gcc -c  -pipe  conftest.c >&5
configure:8364: $? = 0
configure:8396: gcc -c  -pipe  conftest.c >&5
conftest.c: In function 'main':
conftest.c:37:19: error: 'open64' undeclared (first use in this function)
 char *p = (char *)open64;
                   ^
conftest.c:37:19: note: each undeclared identifier is reported only once for each function it appears in
configure:8396: $? = 1
configure: failed program was:
| /* confdefs.h */
| #define PACKAGE_NAME "tdbcmysql"
| #define PACKAGE_TARNAME "tdbcmysql"
| #define PACKAGE_VERSION "1.1.0"
| #define PACKAGE_STRING "tdbcmysql 1.1.0"
| #define PACKAGE_BUGREPORT ""
| #define PACKAGE_URL ""
| #define BUILD_tdbcmysql /**/
| #define STDC_HEADERS 1
| #define HAVE_SYS_TYPES_H 1
| #define HAVE_SYS_STAT_H 1
| #define HAVE_STDLIB_H 1
| #define HAVE_STRING_H 1
| #define HAVE_MEMORY_H 1
| #define HAVE_STRINGS_H 1
| #define HAVE_INTTYPES_H 1
| #define HAVE_STDINT_H 1
| #define HAVE_UNISTD_H 1
| #define HAVE_LONG_LONG 1
| #define SIZEOF_LONG_LONG 8
| #define SIZEOF_LONG 8
| #define USE_THREAD_ALLOC 1
| #define _REENTRANT 1
| #define _THREAD_SAFE 1
| #define TCL_THREADS 1
| #define USE_TCL_STUBS 1
| #define USE_TCLOO_STUBS 1
| #define MODULE_SCOPE extern __attribute__((__visibility__("hidden")))
| #define HAVE_HIDDEN 1
| #define HAVE_CAST_TO_UNION 1
| #define _LARGEFILE64_SOURCE 1
| /* end confdefs.h.  */
| #include <sys/stat.h>
| int
| main ()
| {
| char *p = (char *)open64;
|   ;
|   return 0;
| }
configure:8411: gcc -c  -pipe  conftest.c >&5
conftest.c: In function 'main':
conftest.c:38:19: error: 'open64' undeclared (first use in this function)
 char *p = (char *)open64;
                   ^
conftest.c:38:19: note: each undeclared identifier is reported only once for each function it appears in
configure:8411: $? = 1
configure: failed program was:
| /* confdefs.h */
| #define PACKAGE_NAME "tdbcmysql"
| #define PACKAGE_TARNAME "tdbcmysql"
| #define PACKAGE_VERSION "1.1.0"
| #define PACKAGE_STRING "tdbcmysql 1.1.0"
| #define PACKAGE_BUGREPORT ""
| #define PACKAGE_URL ""
| #define BUILD_tdbcmysql /**/
| #define STDC_HEADERS 1
| #define HAVE_SYS_TYPES_H 1
| #define HAVE_SYS_STAT_H 1
| #define HAVE_STDLIB_H 1
| #define HAVE_STRING_H 1
| #define HAVE_MEMORY_H 1
| #define HAVE_STRINGS_H 1
| #define HAVE_INTTYPES_H 1
| #define HAVE_STDINT_H 1
| #define HAVE_UNISTD_H 1
| #define HAVE_LONG_LONG 1
| #define SIZEOF_LONG_LONG 8
| #define SIZEOF_LONG 8
| #define USE_THREAD_ALLOC 1
| #define _REENTRANT 1
| #define _THREAD_SAFE 1
| #define TCL_THREADS 1
| #define USE_TCL_STUBS 1
| #define USE_TCLOO_STUBS 1
| #define MODULE_SCOPE extern __attribute__((__visibility__("hidden")))
| #define HAVE_HIDDEN 1
| #define HAVE_CAST_TO_UNION 1
| #define _LARGEFILE64_SOURCE 1
| /* end confdefs.h.  */
| #define _LARGEFILE_SOURCE64 1
| #include <sys/stat.h>
| int
| main ()
| {
| char *p = (char *)open64;
|   ;
|   return 0;
| }
configure:8432: result:  _LARGEFILE64_SOURCE
configure:8437: checking for 64-bit integer type
configure:8456: gcc -c  -pipe  conftest.c >&5
conftest.c: In function 'main':
conftest.c:37:1: error: unknown type name '__int64'
 __int64 value = (__int64) 0;
 ^
conftest.c:37:18: error: '__int64' undeclared (first use in this function)
 __int64 value = (__int64) 0;
                  ^
conftest.c:37:18: note: each undeclared identifier is reported only once for each function it appears in
conftest.c:37:27: error: expected ',' or ';' before numeric constant
 __int64 value = (__int64) 0;
                           ^
configure:8456: $? = 1
configure: failed program was:
| /* confdefs.h */
| #define PACKAGE_NAME "tdbcmysql"
| #define PACKAGE_TARNAME "tdbcmysql"
| #define PACKAGE_VERSION "1.1.0"
| #define PACKAGE_STRING "tdbcmysql 1.1.0"
| #define PACKAGE_BUGREPORT ""
| #define PACKAGE_URL ""
| #define BUILD_tdbcmysql /**/
| #define STDC_HEADERS 1
| #define HAVE_SYS_TYPES_H 1
| #define HAVE_SYS_STAT_H 1
| #define HAVE_STDLIB_H 1
| #define HAVE_STRING_H 1
| #define HAVE_MEMORY_H 1
| #define HAVE_STRINGS_H 1
| #define HAVE_INTTYPES_H 1
| #define HAVE_STDINT_H 1
| #define HAVE_UNISTD_H 1
| #define HAVE_LONG_LONG 1
| #define SIZEOF_LONG_LONG 8
| #define SIZEOF_LONG 8
| #define USE_THREAD_ALLOC 1
| #define _REENTRANT 1
| #define _THREAD_SAFE 1
| #define TCL_THREADS 1
| #define USE_TCL_STUBS 1
| #define USE_TCLOO_STUBS 1
| #define MODULE_SCOPE extern __attribute__((__visibility__("hidden")))
| #define HAVE_HIDDEN 1
| #define HAVE_CAST_TO_UNION 1
| #define _LARGEFILE64_SOURCE 1
| /* end confdefs.h.  */
| 
| int
| main ()
| {
| __int64 value = (__int64) 0;
|   ;
|   return 0;
| }
configure:8478: gcc -c  -pipe  conftest.c >&5
conftest.c: In function 'main':
conftest.c:38:21: error: duplicate case value
             case 1: case (sizeof(long long)==sizeof(long)): ;
                     ^
conftest.c:38:13: error: previously used here
             case 1: case (sizeof(long long)==sizeof(long)): ;
             ^
configure:8478: $? = 1
configure: failed program was:
| /* confdefs.h */
| #define PACKAGE_NAME "tdbcmysql"
| #define PACKAGE_TARNAME "tdbcmysql"
| #define PACKAGE_VERSION "1.1.0"
| #define PACKAGE_STRING "tdbcmysql 1.1.0"
| #define PACKAGE_BUGREPORT ""
| #define PACKAGE_URL ""
| #define BUILD_tdbcmysql /**/
| #define STDC_HEADERS 1
| #define HAVE_SYS_TYPES_H 1
| #define HAVE_SYS_STAT_H 1
| #define HAVE_STDLIB_H 1
| #define HAVE_STRING_H 1
| #define HAVE_MEMORY_H 1
| #define HAVE_STRINGS_H 1
| #define HAVE_INTTYPES_H 1
| #define HAVE_STDINT_H 1
| #define HAVE_UNISTD_H 1
| #define HAVE_LONG_LONG 1
| #define SIZEOF_LONG_LONG 8
| #define SIZEOF_LONG 8
| #define USE_THREAD_ALLOC 1
| #define _REENTRANT 1
| #define _THREAD_SAFE 1
| #define TCL_THREADS 1
| #define USE_TCL_STUBS 1
| #define USE_TCLOO_STUBS 1
| #define MODULE_SCOPE extern __attribute__((__visibility__("hidden")))
| #define HAVE_HIDDEN 1
| #define HAVE_CAST_TO_UNION 1
| #define _LARGEFILE64_SOURCE 1
| /* end confdefs.h.  */
| 
| int
| main ()
| {
| switch (0) {
|             case 1: case (sizeof(long long)==sizeof(long)): ;
|         }
|   ;
|   return 0;
| }
configure:8488: result: using long
configure:8632: checking for build with symbols
configure:8645: result: no
configure:8685: checking for intptr_t
configure:8685: gcc -c  -pipe  conftest.c >&5
configure:8685: $? = 0
configure:8685: gcc -c  -pipe  conftest.c >&5
conftest.c: In function 'main':
conftest.c:70:23: error: expected expression before ')' token
 if (sizeof ((intptr_t)))
                       ^
configure:8685: $? = 1
configure: failed program was:
| /* confdefs.h */
| #define PACKAGE_NAME "tdbcmysql"
| #define PACKAGE_TARNAME "tdbcmysql"
| #define PACKAGE_VERSION "1.1.0"
| #define PACKAGE_STRING "tdbcmysql 1.1.0"
| #define PACKAGE_BUGREPORT ""
| #define PACKAGE_URL ""
| #define BUILD_tdbcmysql /**/
| #define STDC_HEADERS 1
| #define HAVE_SYS_TYPES_H 1
| #define HAVE_SYS_STAT_H 1
| #define HAVE_STDLIB_H 1
| #define HAVE_STRING_H 1
| #define HAVE_MEMORY_H 1
| #define HAVE_STRINGS_H 1
| #define HAVE_INTTYPES_H 1
| #define HAVE_STDINT_H 1
| #define HAVE_UNISTD_H 1
| #define HAVE_LONG_LONG 1
| #define SIZEOF_LONG_LONG 8
| #define SIZEOF_LONG 8
| #define USE_THREAD_ALLOC 1
| #define _REENTRANT 1
| #define _THREAD_SAFE 1
| #define TCL_THREADS 1
| #define USE_TCL_STUBS 1
| #define USE_TCLOO_STUBS 1
| #define MODULE_SCOPE extern __attribute__((__visibility__("hidden")))
| #define HAVE_HIDDEN 1
| #define HAVE_CAST_TO_UNION 1
| #define _LARGEFILE64_SOURCE 1
| #define TCL_WIDE_INT_IS_LONG 1
| /* end confdefs.h.  */
| #include <stdio.h>
| #ifdef HAVE_SYS_TYPES_H
| # include <sys/types.h>
| #endif
| #ifdef HAVE_SYS_STAT_H
| # include <sys/stat.h>
| #endif
| #ifdef STDC_HEADERS
| # include <stdlib.h>
| # include <stddef.h>
| #else
| # ifdef HAVE_STDLIB_H
| #  include <stdlib.h>
| # endif
| #endif
| #ifdef HAVE_STRING_H
| # if !defined STDC_HEADERS && defined HAVE_MEMORY_H
| #  include <memory.h>
| # endif
| # include <string.h>
| #endif
| #ifdef HAVE_STRINGS_H
| # include <strings.h>
| #endif
| #ifdef HAVE_INTTYPES_H
| # include <inttypes.h>
| #endif
| #ifdef HAVE_STDINT_H
| # include <stdint.h>
| #endif
| #ifdef HAVE_UNISTD_H
| # include <unistd.h>
| #endif
| int
| main ()
| {
| if (sizeof ((intptr_t)))
| 	    return 0;
|   ;
|   return 0;
| }
configure:8685: result: yes
configure:8721: checking for uintptr_t
configure:8721: gcc -c  -pipe  conftest.c >&5
configure:8721: $? = 0
configure:8721: gcc -c  -pipe  conftest.c >&5
conftest.c: In function 'main':
conftest.c:71:24: error: expected expression before ')' token
 if (sizeof ((uintptr_t)))
                        ^
configure:8721: $? = 1
configure: failed program was:
| /* confdefs.h */
| #define PACKAGE_NAME "tdbcmysql"
| #define PACKAGE_TARNAME "tdbcmysql"
| #define PACKAGE_VERSION "1.1.0"
| #define PACKAGE_STRING "tdbcmysql 1.1.0"
| #define PACKAGE_BUGREPORT ""
| #define PACKAGE_URL ""
| #define BUILD_tdbcmysql /**/
| #define STDC_HEADERS 1
| #define HAVE_SYS_TYPES_H 1
| #define HAVE_SYS_STAT_H 1
| #define HAVE_STDLIB_H 1
| #define HAVE_STRING_H 1
| #define HAVE_MEMORY_H 1
| #define HAVE_STRINGS_H 1
| #define HAVE_INTTYPES_H 1
| #define HAVE_STDINT_H 1
| #define HAVE_UNISTD_H 1
| #define HAVE_LONG_LONG 1
| #define SIZEOF_LONG_LONG 8
| #define SIZEOF_LONG 8
| #define USE_THREAD_ALLOC 1
| #define _REENTRANT 1
| #define _THREAD_SAFE 1
| #define TCL_THREADS 1
| #define USE_TCL_STUBS 1
| #define USE_TCLOO_STUBS 1
| #define MODULE_SCOPE extern __attribute__((__visibility__("hidden")))
| #define HAVE_HIDDEN 1
| #define HAVE_CAST_TO_UNION 1
| #define _LARGEFILE64_SOURCE 1
| #define TCL_WIDE_INT_IS_LONG 1
| #define HAVE_INTPTR_T 1
| /* end confdefs.h.  */
| #include <stdio.h>
| #ifdef HAVE_SYS_TYPES_H
| # include <sys/types.h>
| #endif
| #ifdef HAVE_SYS_STAT_H
| # include <sys/stat.h>
| #endif
| #ifdef STDC_HEADERS
| # include <stdlib.h>
| # include <stddef.h>
| #else
| # ifdef HAVE_STDLIB_H
| #  include <stdlib.h>
| # endif
| #endif
| #ifdef HAVE_STRING_H
| # if !defined STDC_HEADERS && defined HAVE_MEMORY_H
| #  include <memory.h>
| # endif
| # include <string.h>
| #endif
| #ifdef HAVE_STRINGS_H
| # include <strings.h>
| #endif
| #ifdef HAVE_INTTYPES_H
| # include <inttypes.h>
| #endif
| #ifdef HAVE_STDINT_H
| # include <stdint.h>
| #endif
| #ifdef HAVE_UNISTD_H
| # include <unistd.h>
| #endif
| int
| main ()
| {
| if (sizeof ((uintptr_t)))
| 	    return 0;
|   ;
|   return 0;
| }
configure:8721: result: yes
configure:8876: checking for tclsh
configure:8911: result: /home/lumos/juniorII/se/wordChain/lib/tcl8.6.9/unix/tclsh
configure:9077: creating ./config.status

## ---------------------- ##
## Running config.status. ##
## ---------------------- ##

This file was extended by tdbcmysql config.status 1.1.0, which was
generated by GNU Autoconf 2.69.  Invocation command line was

  CONFIG_FILES    = 
  CONFIG_HEADERS  = 
  CONFIG_LINKS    = 
  CONFIG_COMMANDS = 
  $ ./config.status 

on lumos-pc

config.status:813: creating Makefile
config.status:813: creating pkgIndex.tcl

## ---------------- ##
## Cache variables. ##
## ---------------- ##

ac_cv_c_bigendian=no
ac_cv_c_compiler_gnu=yes
ac_cv_c_inline=inline
ac_cv_c_tclconfig=/home/lumos/juniorII/se/wordChain/lib/tcl8.6.9/unix
ac_cv_c_tclh=/home/lumos/juniorII/se/wordChain/lib/tcl8.6.9/generic
ac_cv_c_tdbcconfig=/home/lumos/juniorII/se/wordChain/lib/tcl8.6.9/unix/pkgs/tdbc1.1.0
ac_cv_env_CC_set=
ac_cv_env_CC_value=
ac_cv_env_CFLAGS_set=
ac_cv_env_CFLAGS_value=
ac_cv_env_CPPFLAGS_set=
ac_cv_env_CPPFLAGS_value=
ac_cv_env_CPP_set=
ac_cv_env_CPP_value=
ac_cv_env_LDFLAGS_set=
ac_cv_env_LDFLAGS_value=
ac_cv_env_LIBS_set=
ac_cv_env_LIBS_value=
ac_cv_env_build_alias_set=
ac_cv_env_build_alias_value=
ac_cv_env_host_alias_set=
ac_cv_env_host_alias_value=
ac_cv_env_target_alias_set=
ac_cv_env_target_alias_value=
ac_cv_header_inttypes_h=yes
ac_cv_header_memory_h=yes
ac_cv_header_stdc=yes
ac_cv_header_stdint_h=yes
ac_cv_header_stdlib_h=yes
ac_cv_header_string_h=yes
ac_cv_header_strings_h=yes
ac_cv_header_sys_stat_h=yes
ac_cv_header_sys_types_h=yes
ac_cv_header_unistd_h=yes
ac_cv_lib_pthread_pthread_mutex_init=yes
ac_cv_objext=o
ac_cv_path_EGREP='/bin/grep -E'
ac_cv_path_GREP=/bin/grep
ac_cv_prog_CPP='gcc -E'
ac_cv_prog_ac_ct_AR=ar
ac_cv_prog_ac_ct_CC=gcc
ac_cv_prog_ac_ct_RANLIB=ranlib
ac_cv_prog_cc_c89=
ac_cv_prog_cc_g=yes
ac_cv_prog_make_make_set=yes
ac_cv_sizeof_long=8
ac_cv_sizeof_long_long=8
ac_cv_type_intptr_t=yes
ac_cv_type_long_long=yes
ac_cv_type_uintptr_t=yes
tcl_cv_cast_to_union=yes
tcl_cv_cc_pipe=yes
tcl_cv_cc_visibility_hidden=yes
tcl_cv_flag__isoc99_source=no
tcl_cv_flag__largefile64_source=yes
tcl_cv_flag__largefile_source64=no
tcl_cv_sys_version=Linux-4.15.0-46-generic
tcl_cv_type_64bit=none

## ----------------- ##
## Output variables. ##
## ----------------- ##

AR='ar'
CC='gcc'
CELIB_DIR=''
CFLAGS=' -pipe ${CFLAGS_DEFAULT} ${CFLAGS_WARNING} ${SHLIB_CFLAGS} '
CFLAGS_DEBUG='-g'
CFLAGS_DEFAULT='-O2 -fomit-frame-pointer -DNDEBUG'
CFLAGS_OPTIMIZE='-O2 -fomit-frame-pointer'
CFLAGS_WARNING='-Wall'
CLEANFILES=''
CPP='gcc -E'
CPPFLAGS=''
CYGPATH='echo'
DEFS='-DPACKAGE_NAME=\"tdbcmysql\" -DPACKAGE_TARNAME=\"tdbcmysql\" -DPACKAGE_VERSION=\"1.1.0\" -DPACKAGE_STRING=\"tdbcmysql\ 1.1.0\" -DPACKAGE_BUGREPORT=\"\" -DPACKAGE_URL=\"\" -DBUILD_tdbcmysql=/\*\*/ -DSTDC_HEADERS=1 -DHAVE_SYS_TYPES_H=1 -DHAVE_SYS_STAT_H=1 -DHAVE_STDLIB_H=1 -DHAVE_STRING_H=1 -DHAVE_MEMORY_H=1 -DHAVE_STRINGS_H=1 -DHAVE_INTTYPES_H=1 -DHAVE_STDINT_H=1 -DHAVE_UNISTD_H=1 -DHAVE_LONG_LONG=1 -DSIZEOF_LONG_LONG=8 -DSIZEOF_LONG=8 -DUSE_THREAD_ALLOC=1 -D_REENTRANT=1 -D_THREAD_SAFE=1 -DTCL_THREADS=1 -DUSE_TCL_STUBS=1 -DUSE_TCLOO_STUBS=1 -DMODULE_SCOPE=extern\ __attribute__\(\(__visibility__\(\"hidden\"\)\)\) -DHAVE_HIDDEN=1 -DHAVE_CAST_TO_UNION=1 -D_LARGEFILE64_SOURCE=1 -DTCL_WIDE_INT_IS_LONG=1 -DHAVE_INTPTR_T=1 -DHAVE_UINTPTR_T=1'
ECHO_C=''
ECHO_N='-n'
ECHO_T=''
EGREP='/bin/grep -E'
EXEEXT=''
GREP='/bin/grep'
INSTALL='$(SHELL) $(srcdir)/tclconfig/install-sh -c'
INSTALL_DATA='${INSTALL} -m 644'
INSTALL_DATA_DIR='${INSTALL} -d -m 755'
INSTALL_LIBRARY='${INSTALL} -m 644'
INSTALL_PROGRAM='${INSTALL} -m 755'
INSTALL_SCRIPT='${INSTALL} -m 755'
LDFLAGS=' -Wl,--export-dynamic '
LDFLAGS_DEFAULT=' -Wl,--export-dynamic '
LD_LIBRARY_PATH_VAR='LD_LIBRARY_PATH'
LIBOBJS=''
LIBS=''
LTLIBOBJS=''
MAKE_LIB='${SHLIB_LD} -o $@ $(PKG_OBJECTS) ${SHLIB_LD_LIBS} '
MAKE_SHARED_LIB='${SHLIB_LD} -o $@ $(PKG_OBJECTS) ${SHLIB_LD_LIBS}'
MAKE_STATIC_LIB='${STLIB_LD} $@ $(PKG_OBJECTS)'
MAKE_STUB_LIB='${STLIB_LD} $@ $(PKG_STUB_OBJECTS)'
OBJEXT='o'
PACKAGE_BUGREPORT=''
PACKAGE_NAME='tdbcmysql'
PACKAGE_STRING='tdbcmysql 1.1.0'
PACKAGE_TARNAME='tdbcmysql'
PACKAGE_URL=''
PACKAGE_VERSION='1.1.0'
PATH_SEPARATOR=':'
PKG_CFLAGS='  '
PKG_HEADERS=' generic/fakemysql.h generic/mysqlStubs.h'
PKG_INCLUDES=' -I/home/lumos/juniorII/se/wordChain/lib/tcl8.6.9/pkgs/tdbc1.1.0/generic'
PKG_LIBS=' -L/home/lumos/juniorII/se/wordChain/lib/tcl8.6.9/unix/pkgs/tdbc1.1.0 -ltdbcstub1.1.0 -L/home/lumos/juniorII/se/wordChain/lib/tcl8.6.9/unix/pkgs/tdbc1.1.0 -ltdbcstub1.1.0'
PKG_LIB_FILE='libtdbcmysql1.1.0.so'
PKG_OBJECTS=' tdbcmysql.o mysqlStubInit.o'
PKG_SOURCES=' generic/tdbcmysql.c generic/mysqlStubInit.c'
PKG_STUB_LIB_FILE='libtdbcmysqlstub1.1.0.a'
PKG_STUB_OBJECTS=''
PKG_STUB_SOURCES=''
PKG_TCL_SOURCES=' library/tdbcmysql.tcl'
RANLIB=':'
RANLIB_STUB='ranlib'
RC=''
SET_MAKE=''
SHARED_BUILD='1'
SHELL='/bin/bash'
SHLIB_CFLAGS='-fPIC'
SHLIB_LD='${CC} ${CFLAGS} ${LDFLAGS_DEFAULT} -shared'
SHLIB_LD_LIBS='${LIBS} -L/home/lumos/juniorII/se/wordChain/lib/tcl8.6.9/unix -ltclstub8.6'
STLIB_LD='${AR} cr'
STUBS_BUILD='1'
TCLSH_PROG='/home/lumos/juniorII/se/wordChain/lib/tcl8.6.9/unix/tclsh'
TCL_BIN_DIR='/home/lumos/juniorII/se/wordChain/lib/tcl8.6.9/unix'
TCL_DBGX=''
TCL_DEFS='-DPACKAGE_NAME=\"tcl\" -DPACKAGE_TARNAME=\"tcl\" -DPACKAGE_VERSION=\"8.6\" -DPACKAGE_STRING=\"tcl\ 8.6\" -DPACKAGE_BUGREPORT=\"\" -DSTDC_HEADERS=1 -DHAVE_SYS_TYPES_H=1 -DHAVE_SYS_STAT_H=1 -DHAVE_STDLIB_H=1 -DHAVE_STRING_H=1 -DHAVE_MEMORY_H=1 -DHAVE_STRINGS_H=1 -DHAVE_INTTYPES_H=1 -DHAVE_STDINT_H=1 -DHAVE_UNISTD_H=1 -DHAVE_SYS_PARAM_H=1 -DUSE_THREAD_ALLOC=1 -D_REENTRANT=1 -D_THREAD_SAFE=1 -DHAVE_PTHREAD_ATTR_SETSTACKSIZE=1 -DHAVE_PTHREAD_ATFORK=1 -DTCL_THREADS=1 -DTCL_CFGVAL_ENCODING=\"iso8859-1\" -DHAVE_ZLIB=1 -DMODULE_SCOPE=extern\ __attribute__\(\(__visibility__\(\"hidden\"\)\)\) -DHAVE_HIDDEN=1 -DHAVE_CAST_TO_UNION=1 -DTCL_SHLIB_EXT=\".so\" -DNDEBUG=1 -DTCL_CFG_OPTIMIZED=1 -DTCL_TOMMATH=1 -DMP_PREC=4 -D_LARGEFILE64_SOURCE=1 -DTCL_WIDE_INT_IS_LONG=1 -DHAVE_GETCWD=1 -DHAVE_MKSTEMP=1 -DHAVE_OPENDIR=1 -DHAVE_STRTOL=1 -DHAVE_WAITPID=1 -DHAVE_GETNAMEINFO=1 -DHAVE_GETADDRINFO=1 -DHAVE_FREEADDRINFO=1 -DHAVE_GAI_STRERROR=1 -DHAVE_STRUCT_ADDRINFO=1 -DHAVE_STRUCT_IN6_ADDR=1 -DHAVE_STRUCT_SOCKADDR_IN6=1 -DHAVE_STRUCT_SOCKADDR_STORAGE=1 -DHAVE_GETPWUID_R_5=1 -DHAVE_GETPWUID_R=1 -DHAVE_GETPWNAM_R_5=1 -DHAVE_GETPWNAM_R=1 -DHAVE_GETGRGID_R_5=1 -DHAVE_GETGRGID_R=1 -DHAVE_GETGRNAM_R_5=1 -DHAVE_GETGRNAM_R=1 -DHAVE_GETHOSTBYNAME_R_6=1 -DHAVE_GETHOSTBYNAME_R=1 -DHAVE_GETHOSTBYADDR_R_8=1 -DHAVE_GETHOSTBYADDR_R=1 -DHAVE_TERMIOS_H=1 -DHAVE_SYS_IOCTL_H=1 -DHAVE_SYS_TIME_H=1 -DTIME_WITH_SYS_TIME=1 -DHAVE_GMTIME_R=1 -DHAVE_LOCALTIME_R=1 -DHAVE_MKTIME=1 -DHAVE_TM_GMTOFF=1 -DHAVE_TIMEZONE_VAR=1 -DHAVE_STRUCT_STAT_ST_BLOCKS=1 -DHAVE_STRUCT_STAT_ST_BLKSIZE=1 -DHAVE_BLKCNT_T=1 -DHAVE_INTPTR_T=1 -DHAVE_UINTPTR_T=1 -DHAVE_SIGNED_CHAR=1 -DHAVE_LANGINFO=1 -DHAVE_MKSTEMPS=1 -DHAVE_FTS=1 -DHAVE_SYS_IOCTL_H=1 -DTCL_UNLOAD_DLLS=1 -DHAVE_CPUID=1 '
TCL_EXTRA_CFLAGS=' -pipe '
TCL_INCLUDES='-I"/home/lumos/juniorII/se/wordChain/lib/tcl8.6.9/generic"'
TCL_LD_FLAGS=' -Wl,--export-dynamic '
TCL_LIBS='-ldl  -lpthread -lm'
TCL_LIB_FILE='libtcl8.6.so'
TCL_LIB_FLAG='-ltcl8.6'
TCL_LIB_SPEC='-L/home/lumos/juniorII/se/wordChain/lib/tcl8.6.9/unix -ltcl8.6'
TCL_PATCH_LEVEL='.9'
TCL_SHLIB_LD_LIBS='${LIBS}'
TCL_SRC_DIR='/home/lumos/juniorII/se/wordChain/lib/tcl8.6.9'
TCL_STUB_LIB_FILE='libtclstub8.6.a'
TCL_STUB_LIB_FLAG='-ltclstub8.6'
TCL_STUB_LIB_SPEC='-L/home/lumos/juniorII/se/wordChain/lib/tcl8.6.9/unix -ltclstub8.6'
TCL_THREADS='1'
TCL_VERSION='8.6'
TCL_VERSION_REQ='8.6'
TDBC_LIB_FILE='libtdbc1.1.0.so'
TDBC_VERSION='1.1.0'
VC_MANIFEST_EMBED_DLL=''
VC_MANIFEST_EMBED_EXE=''
ac_ct_CC='gcc'
bindir='${exec_prefix}/bin'
build_alias=''
datadir='${datarootdir}'
datarootdir='${prefix}/share'
docdir='${datarootdir}/doc/${PACKAGE_TARNAME}'
dvidir='${docdir}'
exec_prefix='/usr/local'
host_alias=''
htmldir='${docdir}'
includedir='${prefix}/include'
infodir='${datarootdir}/info'
libdir='/usr/local/lib'
libexecdir='${exec_prefix}/libexec'
localedir='${datarootdir}/locale'
localstatedir='${prefix}/var'
mandir='${datarootdir}/man'
oldincludedir='/usr/include'
pdfdir='${docdir}'
prefix='/usr/local'
program_transform_name='s,x,x,'
psdir='${docdir}'
sbindir='${exec_prefix}/sbin'
sharedstatedir='${prefix}/com'
sysconfdir='${prefix}/etc'
target_alias=''
tdbc_BIN_DIR='/home/lumos/juniorII/se/wordChain/lib/tcl8.6.9/unix/pkgs/tdbc1.1.0'
tdbc_LIBRARY_PATH='/home/lumos/juniorII/se/wordChain/lib/tcl8.6.9/pkgs/tdbc1.1.0/library'
tdbc_LIB_FILE='libtdbc1.1.0.so'
tdbc_LIB_SPEC='-L/home/lumos/juniorII/se/wordChain/lib/tcl8.6.9/unix/pkgs/tdbc1.1.0 -ltdbc1.1.0'
tdbc_SRC_DIR='/home/lumos/juniorII/se/wordChain/lib/tcl8.6.9/pkgs/tdbc1.1.0'
tdbc_STUB_LIB_FILE='libtdbcstub1.1.0.a'
tdbc_STUB_LIB_PATH='/home/lumos/juniorII/se/wordChain/lib/tcl8.6.9/unix/pkgs/tdbc1.1.0/libtdbcstub1.1.0.a'
tdbc_STUB_LIB_SPEC='-L/home/lumos/juniorII/se/wordChain/lib/tcl8.6.9/unix/pkgs/tdbc1.1.0 -ltdbcstub1.1.0'
tdbc_VERSION='1.1.0'

## ----------- ##
## confdefs.h. ##
## ----------- ##

/* confdefs.h */
#define PACKAGE_NAME "tdbcmysql"
#define PACKAGE_TARNAME "tdbcmysql"
#define PACKAGE_VERSION "1.1.0"
#define PACKAGE_STRING "tdbcmysql 1.1.0"
#define PACKAGE_BUGREPORT ""
#define PACKAGE_URL ""
#define BUILD_tdbcmysql /**/
#define STDC_HEADERS 1
#define HAVE_SYS_TYPES_H 1
#define HAVE_SYS_STAT_H 1
#define HAVE_STDLIB_H 1
#define HAVE_STRING_H 1
#define HAVE_MEMORY_H 1
#define HAVE_STRINGS_H 1
#define HAVE_INTTYPES_H 1
#define HAVE_STDINT_H 1
#define HAVE_UNISTD_H 1
#define HAVE_LONG_LONG 1
#define SIZEOF_LONG_LONG 8
#define SIZEOF_LONG 8
#define USE_THREAD_ALLOC 1
#define _REENTRANT 1
#define _THREAD_SAFE 1
#define TCL_THREADS 1
#define USE_TCL_STUBS 1
#define USE_TCLOO_STUBS 1
#define MODULE_SCOPE extern __attribute__((__visibility__("hidden")))
#define HAVE_HIDDEN 1
#define HAVE_CAST_TO_UNION 1
#define _LARGEFILE64_SOURCE 1
#define TCL_WIDE_INT_IS_LONG 1
#define HAVE_INTPTR_T 1
#define HAVE_UINTPTR_T 1

configure: exit 0
