This file contains any messages produced by compilers while
running configure, to aid debugging if configure makes a mistake.

It was created by tdbcsqlite3 configure 1.1.0, which was
generated by GNU Autoconf 2.69.  Invocation command line was

  $ /home/lumos/juniorII/se/wordChain/lib/tcl8.6.9/pkgs/tdbcsqlite3-1.1.0/configure --with-tcl=../.. --with-tclinclude=/home/lumos/juniorII/se/wordChain/lib/tcl8.6.9/generic --libdir=/usr/local/lib --enable-shared --enable-threads

## --------- ##
## Platform. ##
## --------- ##

hostname = lumos-pc
uname -m = x86_64
uname -r = 4.15.0-46-generic
uname -s = Linux
uname -v = #49~16.04.1-Ubuntu SMP Tue Feb 12 17:45:24 UTC 2019

/usr/bin/uname -p = unknown
/bin/uname -X     = unknown

/bin/arch              = unknown
/usr/bin/arch -k       = unknown
/usr/convex/getsysinfo = unknown
/usr/bin/hostinfo      = unknown
/bin/machine           = unknown
/usr/bin/oslevel       = unknown
/bin/universe          = unknown

PATH: /home/lumos/bin
PATH: /home/lumos/.local/bin
PATH: /usr/local/sbin
PATH: /usr/local/bin
PATH: /usr/sbin
PATH: /usr/bin
PATH: /sbin
PATH: /bin
PATH: /usr/games
PATH: /usr/local/games
PATH: /snap/bin
PATH: /home/lumos/compilerH/llvm-install/bin


## ----------- ##
## Core tests. ##
## ----------- ##

configure:1939: checking TEA configuration
configure:1945: result: ok (TEA 3.13)
configure:2026: configuring tdbcsqlite3 1.1.0
configure:2056: checking system version
configure:2079: result: Linux-4.15.0-46-generic
configure:2148: checking for Tcl configuration
configure:2281: result: found /home/lumos/juniorII/se/wordChain/lib/tcl8.6.9/unix/tclConfig.sh
configure:2334: checking for gcc
configure:2350: found /usr/bin/gcc
configure:2361: result: gcc
configure:2590: checking for C compiler version
configure:2599: gcc --version >&5
gcc (Ubuntu 5.4.0-6ubuntu1~16.04.11) 5.4.0 20160609
Copyright (C) 2015 Free Software Foundation, Inc.
This is free software; see the source for copying conditions.  There is NO
warranty; not even for MERCHANTABILITY or FITNESS FOR A PARTICULAR PURPOSE.

configure:2610: $? = 0
configure:2599: gcc -v >&5
Using built-in specs.
COLLECT_GCC=gcc
COLLECT_LTO_WRAPPER=/usr/lib/gcc/x86_64-linux-gnu/5/lto-wrapper
Target: x86_64-linux-gnu
Configured with: ../src/configure -v --with-pkgversion='Ubuntu 5.4.0-6ubuntu1~16.04.11' --with-bugurl=file:///usr/share/doc/gcc-5/README.Bugs --enable-languages=c,ada,c++,java,go,d,fortran,objc,obj-c++ --prefix=/usr --program-suffix=-5 --enable-shared --enable-linker-build-id --libexecdir=/usr/lib --without-included-gettext --enable-threads=posix --libdir=/usr/lib --enable-nls --with-sysroot=/ --enable-clocale=gnu --enable-libstdcxx-debug --enable-libstdcxx-time=yes --with-default-libstdcxx-abi=new --enable-gnu-unique-object --disable-vtable-verify --enable-libmpx --enable-plugin --with-system-zlib --disable-browser-plugin --enable-java-awt=gtk --enable-gtk-cairo --with-java-home=/usr/lib/jvm/java-1.5.0-gcj-5-amd64/jre --enable-java-home --with-jvm-root-dir=/usr/lib/jvm/java-1.5.0-gcj-5-amd64 --with-jvm-jar-dir=/usr/lib/jvm-exports/java-1.5.0-gcj-5-amd64 --with-arch-directory=amd64 --with-ecj-jar=/usr/share/java/eclipse-ecj.jar --enable-objc-gc --enable-multiarch --disable-werror --with-arch-32=i686 --with-abi=m64 --with-multilib-list=m32,m64,mx32 --enable-multilib --with-tune=generic --enable-checking=release --build=x86_64-linux-gnu --host=x86_64-linux-gnu --target=x86_64-linux-gnu
Thread model: posix
gcc version 5.4.0 20160609 (Ubuntu 5.4.0-6ubuntu1~16.04.11) 
configure:2610: $? = 0
configure:2599: gcc -V >&5
gcc: error: unrecognized command line option '-V'
gcc: fatal error: no input files
compilation terminated.
configure:2610: $? = 1
configure:2599: gcc -qversion >&5
gcc: error: unrecognized command line option '-qversion'
gcc: fatal error: no input files
compilation terminated.
configure:2610: $? = 1
configure:2630: checking whether the C compiler works
configure:2652: gcc    conftest.c  >&5
configure:2656: $? = 0
configure:2704: result: yes
configure:2707: checking for C compiler default output file name
configure:2709: result: a.out
configure:2715: checking for suffix of executables
configure:2722: gcc -o conftest    conftest.c  >&5
configure:2726: $? = 0
configure:2748: result: 
configure:2770: checking whether we are cross compiling
configure:2778: gcc -o conftest    conftest.c  >&5
configure:2782: $? = 0
configure:2789: ./conftest
configure:2793: $? = 0
configure:2808: result: no
configure:2813: checking for suffix of object files
configure:2835: gcc -c   conftest.c >&5
configure:2839: $? = 0
configure:2860: result: o
configure:2864: checking whether we are using the GNU C compiler
configure:2883: gcc -c   conftest.c >&5
configure:2883: $? = 0
configure:2892: result: yes
configure:2901: checking whether gcc accepts -g
configure:2921: gcc -c -g  conftest.c >&5
configure:2921: $? = 0
configure:2962: result: yes
configure:2979: checking for gcc option to accept ISO C89
configure:3042: gcc  -c   conftest.c >&5
configure:3042: $? = 0
configure:3055: result: none needed
configure:3077: checking for existence of /home/lumos/juniorII/se/wordChain/lib/tcl8.6.9/unix/tclConfig.sh
configure:3081: result: loading
configure:3145: checking platform
configure:3163: gcc -c   conftest.c >&5
configure:3163: $? = 0
configure:3213: result: unix
configure:3265: checking for tdbc configuration
configure:3353: result: found /home/lumos/juniorII/se/wordChain/lib/tcl8.6.9/unix/pkgs/tdbc1.1.0/tdbcConfig.sh
configure:3359: checking for existence of /home/lumos/juniorII/se/wordChain/lib/tcl8.6.9/unix/pkgs/tdbc1.1.0/tdbcConfig.sh
configure:3363: result: loading
configure:3381: WARNING: Found Makefile - using build library specs for tdbc
configure:3452: checking For tdbc_STUB library for LIBS
configure:3485: result: using tdbc_STUB_LIB_SPEC -L/home/lumos/juniorII/se/wordChain/lib/tcl8.6.9/unix/pkgs/tdbc1.1.0 -ltdbcstub1.1.0
configure:3498: WARNING: Looking for "/home/lumos/juniorII/se/wordChain/lib/tcl8.6.9/unix/pkgs/tdbc1.1.0/Makefile"
configure:3501: WARNING: Found Makefile - using build include spec and lib specs for tdbc
configure:3520: --prefix defaulting to TCL_PREFIX /usr/local
configure:3532: --exec-prefix defaulting to TCL_EXEC_PREFIX /usr/local
configure:3664: checking for pthread_mutex_init in -lpthread
configure:3689: gcc -o conftest    conftest.c -lpthread   >&5
configure:3689: $? = 0
configure:3698: result: yes
configure:3907: checking for building with threads
configure:3913: result: yes (default)
configure:4010: checking for ranlib
configure:4026: found /usr/bin/ranlib
configure:4037: result: ranlib
configure:4064: checking if 64bit support is requested
configure:4073: result: no
configure:4078: checking if 64bit Sparc VIS support is requested
configure:4087: result: no
configure:4097: checking if compiler supports visibility "hidden"
configure:4117: gcc -o conftest  -Werror   conftest.c  >&5
configure:4117: $? = 0
configure:4126: result: yes
configure:4141: checking if rpath support is requested
configure:4150: result: yes
configure:4175: checking system version
configure:4198: result: Linux-4.15.0-46-generic
configure:4278: checking for ar
configure:4294: found /usr/bin/ar
configure:4305: result: ar
configure:6109: checking for cast to union support
configure:6128: gcc -c   conftest.c >&5
configure:6128: $? = 0
configure:6136: result: yes
configure:6159: checking for required early compiler flags
configure:6177: gcc -c   conftest.c >&5
configure:6177: $? = 0
configure:6224: gcc -c   conftest.c >&5
conftest.c: In function 'main':
conftest.c:21:15: error: storage size of 'buf' isn't known
 struct stat64 buf; int i = stat64("/", &buf);
               ^
conftest.c:21:28: warning: implicit declaration of function 'stat64' [-Wimplicit-function-declaration]
 struct stat64 buf; int i = stat64("/", &buf);
                            ^
configure:6224: $? = 1
configure: failed program was:
| /* confdefs.h */
| #define PACKAGE_NAME "tdbcsqlite3"
| #define PACKAGE_TARNAME "tdbcsqlite3"
| #define PACKAGE_VERSION "1.1.0"
| #define PACKAGE_STRING "tdbcsqlite3 1.1.0"
| #define PACKAGE_BUGREPORT ""
| #define PACKAGE_URL ""
| #define BUILD_tdbcsqlite3 /**/
| #define USE_THREAD_ALLOC 1
| #define _REENTRANT 1
| #define _THREAD_SAFE 1
| #define TCL_THREADS 1
| #define MODULE_SCOPE extern __attribute__((__visibility__("hidden")))
| #define HAVE_HIDDEN 1
| #define HAVE_CAST_TO_UNION 1
| /* end confdefs.h.  */
| #include <sys/stat.h>
| int
| main ()
| {
| struct stat64 buf; int i = stat64("/", &buf);
|   ;
|   return 0;
| }
configure:6239: gcc -c   conftest.c >&5
configure:6239: $? = 0
configure:6271: gcc -c   conftest.c >&5
conftest.c: In function 'main':
conftest.c:22:19: error: 'open64' undeclared (first use in this function)
 char *p = (char *)open64;
                   ^
conftest.c:22:19: note: each undeclared identifier is reported only once for each function it appears in
configure:6271: $? = 1
configure: failed program was:
| /* confdefs.h */
| #define PACKAGE_NAME "tdbcsqlite3"
| #define PACKAGE_TARNAME "tdbcsqlite3"
| #define PACKAGE_VERSION "1.1.0"
| #define PACKAGE_STRING "tdbcsqlite3 1.1.0"
| #define PACKAGE_BUGREPORT ""
| #define PACKAGE_URL ""
| #define BUILD_tdbcsqlite3 /**/
| #define USE_THREAD_ALLOC 1
| #define _REENTRANT 1
| #define _THREAD_SAFE 1
| #define TCL_THREADS 1
| #define MODULE_SCOPE extern __attribute__((__visibility__("hidden")))
| #define HAVE_HIDDEN 1
| #define HAVE_CAST_TO_UNION 1
| #define _LARGEFILE64_SOURCE 1
| /* end confdefs.h.  */
| #include <sys/stat.h>
| int
| main ()
| {
| char *p = (char *)open64;
|   ;
|   return 0;
| }
configure:6286: gcc -c   conftest.c >&5
conftest.c: In function 'main':
conftest.c:23:19: error: 'open64' undeclared (first use in this function)
 char *p = (char *)open64;
                   ^
conftest.c:23:19: note: each undeclared identifier is reported only once for each function it appears in
configure:6286: $? = 1
configure: failed program was:
| /* confdefs.h */
| #define PACKAGE_NAME "tdbcsqlite3"
| #define PACKAGE_TARNAME "tdbcsqlite3"
| #define PACKAGE_VERSION "1.1.0"
| #define PACKAGE_STRING "tdbcsqlite3 1.1.0"
| #define PACKAGE_BUGREPORT ""
| #define PACKAGE_URL ""
| #define BUILD_tdbcsqlite3 /**/
| #define USE_THREAD_ALLOC 1
| #define _REENTRANT 1
| #define _THREAD_SAFE 1
| #define TCL_THREADS 1
| #define MODULE_SCOPE extern __attribute__((__visibility__("hidden")))
| #define HAVE_HIDDEN 1
| #define HAVE_CAST_TO_UNION 1
| #define _LARGEFILE64_SOURCE 1
| /* end confdefs.h.  */
| #define _LARGEFILE_SOURCE64 1
| #include <sys/stat.h>
| int
| main ()
| {
| char *p = (char *)open64;
|   ;
|   return 0;
| }
configure:6307: result:  _LARGEFILE64_SOURCE
configure:6312: checking for 64-bit integer type
configure:6331: gcc -c   conftest.c >&5
conftest.c: In function 'main':
conftest.c:22:1: error: unknown type name '__int64'
 __int64 value = (__int64) 0;
 ^
conftest.c:22:18: error: '__int64' undeclared (first use in this function)
 __int64 value = (__int64) 0;
                  ^
conftest.c:22:18: note: each undeclared identifier is reported only once for each function it appears in
conftest.c:22:27: error: expected ',' or ';' before numeric constant
 __int64 value = (__int64) 0;
                           ^
configure:6331: $? = 1
configure: failed program was:
| /* confdefs.h */
| #define PACKAGE_NAME "tdbcsqlite3"
| #define PACKAGE_TARNAME "tdbcsqlite3"
| #define PACKAGE_VERSION "1.1.0"
| #define PACKAGE_STRING "tdbcsqlite3 1.1.0"
| #define PACKAGE_BUGREPORT ""
| #define PACKAGE_URL ""
| #define BUILD_tdbcsqlite3 /**/
| #define USE_THREAD_ALLOC 1
| #define _REENTRANT 1
| #define _THREAD_SAFE 1
| #define TCL_THREADS 1
| #define MODULE_SCOPE extern __attribute__((__visibility__("hidden")))
| #define HAVE_HIDDEN 1
| #define HAVE_CAST_TO_UNION 1
| #define _LARGEFILE64_SOURCE 1
| /* end confdefs.h.  */
| 
| int
| main ()
| {
| __int64 value = (__int64) 0;
|   ;
|   return 0;
| }
configure:6353: gcc -c   conftest.c >&5
conftest.c: In function 'main':
conftest.c:23:21: error: duplicate case value
             case 1: case (sizeof(long long)==sizeof(long)): ;
                     ^
conftest.c:23:13: error: previously used here
             case 1: case (sizeof(long long)==sizeof(long)): ;
             ^
configure:6353: $? = 1
configure: failed program was:
| /* confdefs.h */
| #define PACKAGE_NAME "tdbcsqlite3"
| #define PACKAGE_TARNAME "tdbcsqlite3"
| #define PACKAGE_VERSION "1.1.0"
| #define PACKAGE_STRING "tdbcsqlite3 1.1.0"
| #define PACKAGE_BUGREPORT ""
| #define PACKAGE_URL ""
| #define BUILD_tdbcsqlite3 /**/
| #define USE_THREAD_ALLOC 1
| #define _REENTRANT 1
| #define _THREAD_SAFE 1
| #define TCL_THREADS 1
| #define MODULE_SCOPE extern __attribute__((__visibility__("hidden")))
| #define HAVE_HIDDEN 1
| #define HAVE_CAST_TO_UNION 1
| #define _LARGEFILE64_SOURCE 1
| /* end confdefs.h.  */
| 
| int
| main ()
| {
| switch (0) {
|             case 1: case (sizeof(long long)==sizeof(long)): ;
|         }
|   ;
|   return 0;
| }
configure:6363: result: using long
configure:6502: checking for build with symbols
configure:6515: result: no
configure:6567: checking for tclsh
configure:6602: result: /home/lumos/juniorII/se/wordChain/lib/tcl8.6.9/unix/tclsh
configure:6775: creating ./config.status

## ---------------------- ##
## Running config.status. ##
## ---------------------- ##

This file was extended by tdbcsqlite3 config.status 1.1.0, which was
generated by GNU Autoconf 2.69.  Invocation command line was

  CONFIG_FILES    = 
  CONFIG_HEADERS  = 
  CONFIG_LINKS    = 
  CONFIG_COMMANDS = 
  $ ./config.status 

on lumos-pc

config.status:794: creating Makefile
config.status:794: creating pkgIndex.tcl
configure:7777: WARNING: unrecognized options: --with-tclinclude, --enable-shared

## ---------------- ##
## Cache variables. ##
## ---------------- ##

ac_cv_c_compiler_gnu=yes
ac_cv_c_tclconfig=/home/lumos/juniorII/se/wordChain/lib/tcl8.6.9/unix
ac_cv_c_tdbcconfig=/home/lumos/juniorII/se/wordChain/lib/tcl8.6.9/unix/pkgs/tdbc1.1.0
ac_cv_env_CC_set=
ac_cv_env_CC_value=
ac_cv_env_CFLAGS_set=
ac_cv_env_CFLAGS_value=
ac_cv_env_CPPFLAGS_set=
ac_cv_env_CPPFLAGS_value=
ac_cv_env_LDFLAGS_set=
ac_cv_env_LDFLAGS_value=
ac_cv_env_LIBS_set=
ac_cv_env_LIBS_value=
ac_cv_env_build_alias_set=
ac_cv_env_build_alias_value=
ac_cv_env_host_alias_set=
ac_cv_env_host_alias_value=
ac_cv_env_target_alias_set=
ac_cv_env_target_alias_value=
ac_cv_lib_pthread_pthread_mutex_init=yes
ac_cv_objext=o
ac_cv_prog_ac_ct_AR=ar
ac_cv_prog_ac_ct_CC=gcc
ac_cv_prog_ac_ct_RANLIB=ranlib
ac_cv_prog_cc_c89=
ac_cv_prog_cc_g=yes
tcl_cv_cast_to_union=yes
tcl_cv_cc_visibility_hidden=yes
tcl_cv_flag__isoc99_source=no
tcl_cv_flag__largefile64_source=yes
tcl_cv_flag__largefile_source64=no
tcl_cv_sys_version=Linux-4.15.0-46-generic
tcl_cv_type_64bit=none

## ----------------- ##
## Output variables. ##
## ----------------- ##

AR='ar'
CC='gcc'
CELIB_DIR=''
CFLAGS=' '
CFLAGS_DEBUG='-g'
CFLAGS_DEFAULT='-O2 -fomit-frame-pointer -DNDEBUG'
CFLAGS_OPTIMIZE='-O2 -fomit-frame-pointer'
CFLAGS_WARNING='-Wall'
CLEANFILES=''
CPPFLAGS=''
CYGPATH='echo'
DEFS='-DPACKAGE_NAME=\"tdbcsqlite3\" -DPACKAGE_TARNAME=\"tdbcsqlite3\" -DPACKAGE_VERSION=\"1.1.0\" -DPACKAGE_STRING=\"tdbcsqlite3\ 1.1.0\" -DPACKAGE_BUGREPORT=\"\" -DPACKAGE_URL=\"\" -DBUILD_tdbcsqlite3=/\*\*/ -DUSE_THREAD_ALLOC=1 -D_REENTRANT=1 -D_THREAD_SAFE=1 -DTCL_THREADS=1 -DMODULE_SCOPE=extern\ __attribute__\(\(__visibility__\(\"hidden\"\)\)\) -DHAVE_HIDDEN=1 -DHAVE_CAST_TO_UNION=1 -D_LARGEFILE64_SOURCE=1 -DTCL_WIDE_INT_IS_LONG=1'
ECHO_C=''
ECHO_N='-n'
ECHO_T=''
EXEEXT=''
INSTALL='$(SHELL) $(srcdir)/tclconfig/install-sh -c'
INSTALL_DATA='${INSTALL} -m 644'
INSTALL_DATA_DIR='${INSTALL} -d -m 755'
INSTALL_LIBRARY='${INSTALL} -m 644'
INSTALL_PROGRAM='${INSTALL} -m 755'
INSTALL_SCRIPT='${INSTALL} -m 755'
LDFLAGS=' -Wl,--export-dynamic '
LDFLAGS_DEFAULT=' -Wl,--export-dynamic '
LD_LIBRARY_PATH_VAR='LD_LIBRARY_PATH'
LIBOBJS=''
LIBS=''
LTLIBOBJS=''
OBJEXT='o'
PACKAGE_BUGREPORT=''
PACKAGE_NAME='tdbcsqlite3'
PACKAGE_STRING='tdbcsqlite3 1.1.0'
PACKAGE_TARNAME='tdbcsqlite3'
PACKAGE_URL=''
PACKAGE_VERSION='1.1.0'
PATH_SEPARATOR=':'
PKG_CFLAGS=''
PKG_HEADERS=''
PKG_INCLUDES=''
PKG_LIBS=' -L/home/lumos/juniorII/se/wordChain/lib/tcl8.6.9/unix/pkgs/tdbc1.1.0 -ltdbcstub1.1.0'
PKG_LIB_FILE=''
PKG_STUB_LIB_FILE=''
PKG_STUB_OBJECTS=''
PKG_STUB_SOURCES=''
PKG_TCL_SOURCES=' library/tdbcsqlite3.tcl'
RANLIB='ranlib'
RC=''
SHELL='/bin/bash'
SHLIB_CFLAGS='-fPIC'
SHLIB_LD='${CC} ${CFLAGS} ${LDFLAGS_DEFAULT} -shared'
SHLIB_LD_LIBS='${LIBS}'
STLIB_LD='${AR} cr'
TCLSH_PROG='/home/lumos/juniorII/se/wordChain/lib/tcl8.6.9/unix/tclsh'
TCL_BIN_DIR='/home/lumos/juniorII/se/wordChain/lib/tcl8.6.9/unix'
TCL_DBGX=''
TCL_DEFS='-DPACKAGE_NAME=\"tcl\" -DPACKAGE_TARNAME=\"tcl\" -DPACKAGE_VERSION=\"8.6\" -DPACKAGE_STRING=\"tcl\ 8.6\" -DPACKAGE_BUGREPORT=\"\" -DSTDC_HEADERS=1 -DHAVE_SYS_TYPES_H=1 -DHAVE_SYS_STAT_H=1 -DHAVE_STDLIB_H=1 -DHAVE_STRING_H=1 -DHAVE_MEMORY_H=1 -DHAVE_STRINGS_H=1 -DHAVE_INTTYPES_H=1 -DHAVE_STDINT_H=1 -DHAVE_UNISTD_H=1 -DHAVE_SYS_PARAM_H=1 -DUSE_THREAD_ALLOC=1 -D_REENTRANT=1 -D_THREAD_SAFE=1 -DHAVE_PTHREAD_ATTR_SETSTACKSIZE=1 -DHAVE_PTHREAD_ATFORK=1 -DTCL_THREADS=1 -DTCL_CFGVAL_ENCODING=\"iso8859-1\" -DHAVE_ZLIB=1 -DMODULE_SCOPE=extern\ __attribute__\(\(__visibility__\(\"hidden\"\)\)\) -DHAVE_HIDDEN=1 -DHAVE_CAST_TO_UNION=1 -DTCL_SHLIB_EXT=\".so\" -DNDEBUG=1 -DTCL_CFG_OPTIMIZED=1 -DTCL_TOMMATH=1 -DMP_PREC=4 -D_LARGEFILE64_SOURCE=1 -DTCL_WIDE_INT_IS_LONG=1 -DHAVE_GETCWD=1 -DHAVE_MKSTEMP=1 -DHAVE_OPENDIR=1 -DHAVE_STRTOL=1 -DHAVE_WAITPID=1 -DHAVE_GETNAMEINFO=1 -DHAVE_GETADDRINFO=1 -DHAVE_FREEADDRINFO=1 -DHAVE_GAI_STRERROR=1 -DHAVE_STRUCT_ADDRINFO=1 -DHAVE_STRUCT_IN6_ADDR=1 -DHAVE_STRUCT_SOCKADDR_IN6=1 -DHAVE_STRUCT_SOCKADDR_STORAGE=1 -DHAVE_GETPWUID_R_5=1 -DHAVE_GETPWUID_R=1 -DHAVE_GETPWNAM_R_5=1 -DHAVE_GETPWNAM_R=1 -DHAVE_GETGRGID_R_5=1 -DHAVE_GETGRGID_R=1 -DHAVE_GETGRNAM_R_5=1 -DHAVE_GETGRNAM_R=1 -DHAVE_GETHOSTBYNAME_R_6=1 -DHAVE_GETHOSTBYNAME_R=1 -DHAVE_GETHOSTBYADDR_R_8=1 -DHAVE_GETHOSTBYADDR_R=1 -DHAVE_TERMIOS_H=1 -DHAVE_SYS_IOCTL_H=1 -DHAVE_SYS_TIME_H=1 -DTIME_WITH_SYS_TIME=1 -DHAVE_GMTIME_R=1 -DHAVE_LOCALTIME_R=1 -DHAVE_MKTIME=1 -DHAVE_TM_GMTOFF=1 -DHAVE_TIMEZONE_VAR=1 -DHAVE_STRUCT_STAT_ST_BLOCKS=1 -DHAVE_STRUCT_STAT_ST_BLKSIZE=1 -DHAVE_BLKCNT_T=1 -DHAVE_INTPTR_T=1 -DHAVE_UINTPTR_T=1 -DHAVE_SIGNED_CHAR=1 -DHAVE_LANGINFO=1 -DHAVE_MKSTEMPS=1 -DHAVE_FTS=1 -DHAVE_SYS_IOCTL_H=1 -DTCL_UNLOAD_DLLS=1 -DHAVE_CPUID=1 '
TCL_EXTRA_CFLAGS=' -pipe '
TCL_LD_FLAGS=' -Wl,--export-dynamic '
TCL_LIBS='-ldl  -lpthread -lm'
TCL_LIB_FILE='libtcl8.6.so'
TCL_LIB_FLAG='-ltcl8.6'
TCL_LIB_SPEC='-L/home/lumos/juniorII/se/wordChain/lib/tcl8.6.9/unix -ltcl8.6'
TCL_MAJOR_VERSION='8'
TCL_MINOR_VERSION='6'
TCL_PATCH_LEVEL='.9'
TCL_SHLIB_LD_LIBS='${LIBS}'
TCL_SRC_DIR='/home/lumos/juniorII/se/wordChain/lib/tcl8.6.9'
TCL_STUB_LIB_FILE='libtclstub8.6.a'
TCL_STUB_LIB_FLAG='-ltclstub8.6'
TCL_STUB_LIB_SPEC='-L/home/lumos/juniorII/se/wordChain/lib/tcl8.6.9/unix -ltclstub8.6'
TCL_THREADS='1'
TCL_VERSION='8.6'
TDBC_LIB_FILE='libtdbc1.1.0.so'
TDBC_VERSION='1.1.0'
ac_ct_CC='gcc'
bindir='${exec_prefix}/bin'
build_alias=''
datadir='${datarootdir}'
datarootdir='${prefix}/share'
docdir='${datarootdir}/doc/${PACKAGE_TARNAME}'
dvidir='${docdir}'
exec_prefix='/usr/local'
host_alias=''
htmldir='${docdir}'
includedir='${prefix}/include'
infodir='${datarootdir}/info'
libdir='/usr/local/lib'
libexecdir='${exec_prefix}/libexec'
localedir='${datarootdir}/locale'
localstatedir='${prefix}/var'
mandir='${datarootdir}/man'
oldincludedir='/usr/include'
pdfdir='${docdir}'
prefix='/usr/local'
program_transform_name='s,x,x,'
psdir='${docdir}'
sbindir='${exec_prefix}/sbin'
sharedstatedir='${prefix}/com'
sysconfdir='${prefix}/etc'
target_alias=''
tdbc_BIN_DIR='/home/lumos/juniorII/se/wordChain/lib/tcl8.6.9/unix/pkgs/tdbc1.1.0'
tdbc_LIBRARY_PATH='/home/lumos/juniorII/se/wordChain/lib/tcl8.6.9/pkgs/tdbc1.1.0/library'
tdbc_LIB_FILE='libtdbc1.1.0.so'
tdbc_LIB_SPEC='-L/home/lumos/juniorII/se/wordChain/lib/tcl8.6.9/unix/pkgs/tdbc1.1.0 -ltdbc1.1.0'
tdbc_SRC_DIR='/home/lumos/juniorII/se/wordChain/lib/tcl8.6.9/pkgs/tdbc1.1.0'
tdbc_STUB_LIB_FILE='libtdbcstub1.1.0.a'
tdbc_STUB_LIB_PATH='/home/lumos/juniorII/se/wordChain/lib/tcl8.6.9/unix/pkgs/tdbc1.1.0/libtdbcstub1.1.0.a'
tdbc_STUB_LIB_SPEC='-L/home/lumos/juniorII/se/wordChain/lib/tcl8.6.9/unix/pkgs/tdbc1.1.0 -ltdbcstub1.1.0'
tdbc_VERSION='1.1.0'

## ----------- ##
## confdefs.h. ##
## ----------- ##

/* confdefs.h */
#define PACKAGE_NAME "tdbcsqlite3"
#define PACKAGE_TARNAME "tdbcsqlite3"
#define PACKAGE_VERSION "1.1.0"
#define PACKAGE_STRING "tdbcsqlite3 1.1.0"
#define PACKAGE_BUGREPORT ""
#define PACKAGE_URL ""
#define BUILD_tdbcsqlite3 /**/
#define USE_THREAD_ALLOC 1
#define _REENTRANT 1
#define _THREAD_SAFE 1
#define TCL_THREADS 1
#define MODULE_SCOPE extern __attribute__((__visibility__("hidden")))
#define HAVE_HIDDEN 1
#define HAVE_CAST_TO_UNION 1
#define _LARGEFILE64_SOURCE 1
#define TCL_WIDE_INT_IS_LONG 1

configure: exit 0
